2025-03-18 11:35:09,867 - INFO - Starting web scraping process
2025-03-18 11:35:09,867 - INFO - Scraping important page: https://www.na.edu/
2025-03-18 11:35:12,107 - INFO - Scraping important page: https://www.na.edu/admissions/tuition-and-fees/
2025-03-18 11:35:15,457 - INFO - Scraping important page: https://www.na.edu/campus-life/housing/
2025-03-18 11:35:17,799 - INFO - Scraping important page: https://www.na.edu/campus-life/dining-services/
2025-03-18 11:35:19,493 - WARNING - Failed to fetch important page https://www.na.edu/campus-life/dining-services/: Status code 404
2025-03-18 11:35:19,493 - INFO - Scraping important page: https://www.na.edu/academics/
2025-03-18 11:35:21,247 - INFO - Scraping important page: https://www.na.edu/academics/undergraduate-programs/
2025-03-18 11:35:24,672 - INFO - Scraping important page: https://www.na.edu/academics/graduate-programs/
2025-03-18 11:35:28,018 - INFO - Scraping important page: https://www.na.edu/admissions/
2025-03-18 11:35:29,953 - INFO - Scraping important page: https://www.na.edu/admissions/apply-now/
2025-03-18 11:35:33,658 - INFO - Scraping important page: https://www.na.edu/admissions/international-students/
2025-03-18 11:35:35,618 - WARNING - Failed to fetch important page https://www.na.edu/admissions/international-students/: Status code 404
2025-03-18 11:35:35,619 - INFO - Scraping important page: https://www.na.edu/student-resources/
2025-03-18 11:35:37,244 - WARNING - Failed to fetch important page https://www.na.edu/student-resources/: Status code 404
2025-03-18 11:35:37,244 - INFO - Scraping important page: https://www.na.edu/student-resources/academic-calendar/
2025-03-18 11:35:41,009 - INFO - Found 83 additional pages to scrape
2025-03-18 11:35:41,009 - INFO - Scraping additional page: https://www.na.edu/campus-life/emergency-guide/
2025-03-18 11:35:43,500 - INFO - Scraping additional page: https://www.na.edu/admissions/undergraduate/
2025-03-18 11:35:49,668 - INFO - Scraping additional page: https://www.na.edu/admissions/international/
2025-03-18 11:35:52,292 - INFO - Scraping additional page: https://www.na.edu/degree-programs/graduate-programs/
2025-03-18 11:35:54,955 - INFO - Scraping additional page: https://www.na.edu/about-nau/title-ix/
2025-03-18 11:35:57,474 - INFO - Scraping additional page: https://www.na.edu/documents/housing/NAUpolicy%20-%20Smoke%20Free%20Tobacco%20Free%20Enviroment.pdf
2025-03-18 11:35:58,767 - INFO - Scraping additional page: https://www.na.edu/faculty-staff/human-resources/
2025-03-18 11:36:02,764 - INFO - Scraping additional page: https://www.na.edu/degree-programs/undergraduate-programs/education/career-opportunities/
2025-03-18 11:36:05,443 - INFO - Scraping additional page: https://www.na.edu/degree-programs/undergraduate-programs/computer-science/career-opportunities/
2025-03-18 11:36:07,830 - INFO - Scraping additional page: https://www.na.edu/about-nau/annual-reports/
2025-03-18 11:36:10,676 - INFO - Scraping additional page: https://www.na.edu/degree-programs/
2025-03-18 11:36:13,367 - INFO - Scraping additional page: https://www.na.edu/mba/
2025-03-18 11:36:15,570 - INFO - Scraping additional page: https://www.na.edu/degree-programs/business-administration/
2025-03-18 11:36:20,073 - INFO - Scraping additional page: https://www.na.edu/academics/calendar-of-events/
2025-03-18 11:36:23,754 - INFO - Scraping additional page: https://www.na.edu/documents/housing/Zero%20Tolerance%20Flyer%20_UPDATED%20(1)%20(1).pdf
2025-03-18 11:36:24,325 - INFO - Scraping additional page: https://www.na.edu/admissions/graduate/
2025-03-18 11:36:27,118 - INFO - Scraping additional page: https://www.na.edu/degree-programs/undergraduate-programs/computer-science/
2025-03-18 11:36:29,654 - INFO - Scraping additional page: https://www.na.edu/academics/academic-calendar/
2025-03-18 11:36:32,008 - INFO - Scraping additional page: https://www.na.edu/academics/departments/
2025-03-18 11:36:34,795 - INFO - Scraping additional page: https://www.na.edu/degree-programs/graduate-programs/m-b-a/
2025-03-18 11:36:37,441 - INFO - Scraping additional page: https://www.na.edu/free-tuition/
2025-03-18 11:36:40,910 - INFO - Scraping additional page: https://www.na.edu/degree-programs/graduate-programs/m-ed-school-counseling-48cr/
2025-03-18 11:36:44,647 - INFO - Scraping additional page: https://www.na.edu/documents/academics/catalog.pdf
2025-03-18 11:36:45,445 - INFO - Scraping additional page: https://www.na.edu/about-nau/consumer-information/
2025-03-18 11:36:47,981 - INFO - Scraping additional page: https://www.na.edu/degree-programs/undergraduate-programs/business-administration/career-opportunities/
2025-03-18 11:36:50,697 - INFO - Scraping additional page: https://www.na.edu/degree-programs/graduate-programs/m-ed-curriculum-and-instruction/
2025-03-18 11:36:53,249 - INFO - Scraping additional page: https://www.na.edu/degree-programs/undergraduate-programs/
2025-03-18 11:36:56,060 - INFO - Scraping additional page: https://www.na.edu/documents/housing/willow%20camden%20checkout%20procedures.pdf
2025-03-18 11:36:56,643 - INFO - Scraping additional page: https://www.na.edu/documents/housing/ROFM%20Policies%202024-25.pdf
2025-03-18 11:36:57,226 - INFO - Scraping additional page: https://www.na.edu/financial-aid/
2025-03-18 11:37:00,074 - INFO - Scraping additional page: https://www.na.edu/library/
2025-03-18 11:37:02,601 - INFO - Scraping additional page: https://www.na.edu/admissions/apply/
2025-03-18 11:37:05,155 - INFO - Scraping additional page: https://www.na.edu/about-nau/nau-policies/
2025-03-18 11:37:07,751 - INFO - Scraping additional page: https://www.na.edu
2025-03-18 11:37:10,504 - INFO - Scraping additional page: https://www.na.edu/degree-programs/graduate-programs/m-ed-school-counseling/
2025-03-18 11:37:13,025 - INFO - Scraping additional page: https://www.na.edu/nau-official-statement/
2025-03-18 11:37:15,742 - INFO - Scraping additional page: https://www.na.edu/umcr/
2025-03-18 11:37:18,311 - INFO - Scraping additional page: https://www.na.edu/academics/course-schedule/
2025-03-18 11:37:20,651 - INFO - Scraping additional page: https://www.na.edu/author/ayusuf/
2025-03-18 11:37:24,917 - INFO - Scraping additional page: https://www.na.edu/academics/finals-schedule/
2025-03-18 11:37:27,493 - INFO - Scraping additional page: https://www.na.edu/academics/academic-clubs/
2025-03-18 11:37:30,103 - INFO - Scraping additional page: https://www.na.edu/admissions/undergraduate/scholarships/
2025-03-18 11:37:32,669 - INFO - Scraping additional page: https://www.na.edu/admissions/undergraduate/tuition-and-fees-2/
2025-03-18 11:37:35,283 - INFO - Scraping additional page: https://www.na.edu/degree-programs/education/
2025-03-18 11:37:39,714 - INFO - Scraping additional page: https://www.na.edu/documents/housing/NAU%20Meal%20plan%20cancellation%20revision.pdf
2025-03-18 11:37:40,297 - INFO - Scraping additional page: https://www.na.edu/degree-programs/graduate-programs/m-ed-educational-leadership/
2025-03-18 11:37:42,853 - INFO - Scraping additional page: https://www.na.edu/admissions/meetus/
2025-03-18 11:37:45,394 - INFO - Scraping additional page: https://www.na.edu/degree-programs/undergraduate-programs/business-administration/
2025-03-18 11:37:47,660 - INFO - Scraping additional page: https://www.na.edu/admissions/visit/
2025-03-18 11:37:50,327 - INFO - Scraping additional page: https://www.na.edu/wp-content/uploads/2019/11/Residence-Halls-Contract-Agreement.pdf
2025-03-18 11:37:50,920 - INFO - Scraping additional page: https://www.na.edu/admissions/degrees/
2025-03-18 11:37:53,537 - INFO - Scraping additional page: https://www.na.edu/academics/course-description/
2025-03-18 11:37:55,815 - INFO - Scraping additional page: https://www.na.edu/degree-programs/undergraduate-programs/general-education/faculty-members/
2025-03-18 11:37:58,464 - INFO - Scraping additional page: https://www.na.edu/degree-programs/undergraduate-programs/business-administration/faculty-members/
2025-03-18 11:38:02,362 - INFO - Scraping additional page: https://www.na.edu/author/umcr/
2025-03-18 11:38:06,931 - INFO - Scraping additional page: https://www.na.edu/admissions/deadlines/
2025-03-18 11:38:11,172 - INFO - Scraping additional page: https://www.na.edu/campus-life/parking/
2025-03-18 11:38:13,834 - INFO - Scraping additional page: https://www.na.edu/acm-club-shines-in-regional-contest/
2025-03-18 11:38:16,426 - INFO - Scraping additional page: https://www.na.edu/financial-aid
2025-03-18 11:38:20,841 - INFO - Scraping additional page: https://www.na.edu/degree-programs/graduate-programs/m-s-computer-science/
2025-03-18 11:38:24,331 - INFO - Scraping additional page: https://www.na.edu/academics/academic-catalog/
2025-03-18 11:38:27,088 - INFO - Scraping additional page: https://www.na.edu/educator-certification-programs/nau-tcp/
2025-03-18 11:38:29,749 - INFO - Scraping additional page: https://www.na.edu/degree-programs/undergraduate-programs/criminal-justice/
2025-03-18 11:38:32,469 - INFO - Scraping additional page: https://www.na.edu/author/sysyonetici/
2025-03-18 11:38:36,847 - INFO - Scraping additional page: https://www.na.edu/category/headlines/
2025-03-18 11:38:39,594 - INFO - Scraping additional page: https://www.na.edu/degree-programs/undergraduate-programs/general-education/
2025-03-18 11:38:42,913 - INFO - Scraping additional page: https://www.na.edu/about-nau/administration/
2025-03-18 11:38:45,516 - INFO - Scraping additional page: https://www.na.edu/academics/oer-courses/
2025-03-18 11:38:48,018 - INFO - Scraping additional page: https://www.na.edu/degree-programs/undergraduate-programs/education/faculty-members/
2025-03-18 11:38:50,600 - INFO - Scraping additional page: https://www.na.edu/academics/distance-education/
2025-03-18 11:38:53,628 - INFO - Scraping additional page: https://www.na.edu/campus-life/dining-at-nau/
2025-03-18 11:38:56,167 - INFO - Scraping additional page: https://www.na.edu/wp-content/uploads/2019/05/resident-handbook.pdf
2025-03-18 11:38:56,850 - INFO - Scraping additional page: https://www.na.edu/supportcenter/
2025-03-18 11:38:59,581 - INFO - Scraping additional page: https://www.na.edu/degree-programs/undergraduate-programs/education/
2025-03-18 11:39:02,311 - INFO - Scraping additional page: https://www.na.edu/about-nau/accreditation/
2025-03-18 11:39:04,770 - INFO - Scraping additional page: https://www.na.edu/nau-library-celebrates-black-history-month/
2025-03-18 11:39:07,352 - INFO - Scraping additional page: https://www.na.edu/degree-programs/computer-science/
2025-03-18 11:39:11,589 - INFO - Scraping additional page: https://www.na.edu/about-nau/giving/
2025-03-18 11:39:14,130 - INFO - Scraping additional page: https://www.na.edu/admissions/undergraduate/programs/
2025-03-18 11:39:16,646 - INFO - Scraping additional page: https://www.na.edu/campus-life/calendar-of-events/
2025-03-18 11:39:19,280 - INFO - Scraping additional page: https://www.na.edu/studentachievement/
2025-03-18 11:39:22,466 - INFO - Scraping additional page: https://www.na.edu/degree-programs/undergraduate-programs/criminal-justice/faculty-members/
2025-03-18 11:39:25,161 - INFO - Scraping additional page: https://www.na.edu/admissions/undergraduate/deadlines/
2025-03-18 11:39:27,772 - INFO - Scraped 92 pages successfully
2025-03-18 11:39:27,880 - INFO - Created 1976 chunks from 92 pages
2025-03-18 11:39:27,935 - INFO - Creating embeddings
2025-03-18 11:39:27,937 - INFO - Use pytorch device_name: cpu
2025-03-18 11:39:27,937 - INFO - Load pretrained SentenceTransformer: all-MiniLM-L6-v2
2025-03-18 11:40:20,419 - INFO - Web scraping and processing completed successfully
